{"level":"INFO","time":"2024-09-24T22:19:44.684+0800","caller":"utils/init.go:147","msg":"init logger success"}
{"level":"INFO","time":"2024-09-24T22:19:44.685+0800","caller":"utils/init.go:73","msg":"初始化logger成功"}
{"level":"ERROR","time":"2024-09-24T22:19:46.751+0800","caller":"utils/init.go:76","msg":"初始化MySQL失败：","error":"dial tcp 192.168.10.8:3306: connectex: No connection could be made because the target machine actively refused it."}
{"level":"INFO","time":"2024-09-24T22:19:46.767+0800","caller":"kubernetes-deploy/main.go:28","msg":"kubernetes-deploy服务注册成功"}
{"level":"INFO","time":"2024-09-25T11:23:18.197+0800","caller":"utils/init.go:147","msg":"init logger success"}
{"level":"INFO","time":"2024-09-25T11:23:18.197+0800","caller":"utils/init.go:73","msg":"初始化logger成功"}
{"level":"ERROR","time":"2024-09-25T11:23:20.262+0800","caller":"utils/init.go:76","msg":"初始化MySQL失败：","error":"dial tcp 192.168.10.8:3306: connectex: No connection could be made because the target machine actively refused it."}
{"level":"INFO","time":"2024-09-25T11:23:20.267+0800","caller":"kubernetes-deploy/main.go:28","msg":"kubernetes-deploy服务注册成功"}
{"level":"INFO","time":"2024-09-25T14:52:28.088+0800","caller":"utils/init.go:147","msg":"init logger success"}
{"level":"INFO","time":"2024-09-25T14:52:28.088+0800","caller":"utils/init.go:73","msg":"初始化logger成功"}
{"level":"ERROR","time":"2024-09-25T14:52:30.155+0800","caller":"utils/init.go:76","msg":"初始化MySQL失败：","error":"dial tcp 192.168.10.8:3306: connectex: No connection could be made because the target machine actively refused it."}
{"level":"INFO","time":"2024-09-25T14:52:30.169+0800","caller":"kubernetes-deploy/main.go:28","msg":"kubernetes-deploy服务注册成功"}
{"level":"INFO","time":"2024-09-25T15:10:55.923+0800","caller":"utils/init.go:147","msg":"init logger success"}
{"level":"INFO","time":"2024-09-25T15:10:55.923+0800","caller":"utils/init.go:73","msg":"初始化logger成功"}
{"level":"ERROR","time":"2024-09-25T15:10:57.990+0800","caller":"utils/init.go:76","msg":"初始化MySQL失败：","error":"dial tcp 192.168.10.8:3306: connectex: No connection could be made because the target machine actively refused it."}
{"level":"INFO","time":"2024-09-25T15:10:57.995+0800","caller":"kubernetes-deploy/main.go:28","msg":"kubernetes-deploy服务注册成功"}
{"level":"INFO","time":"2024-09-25T15:12:07.976+0800","caller":"kubernetes-deploy/main.go:33","msg":"kubernetes-deploy服务启动成功"}
{"level":"INFO","time":"2024-09-25T15:12:50.601+0800","caller":"utils/init.go:147","msg":"init logger success"}
{"level":"INFO","time":"2024-09-25T15:12:50.601+0800","caller":"utils/init.go:73","msg":"初始化logger成功"}
{"level":"ERROR","time":"2024-09-25T15:12:52.673+0800","caller":"utils/init.go:76","msg":"初始化MySQL失败：","error":"dial tcp 192.168.10.8:3306: connectex: No connection could be made because the target machine actively refused it."}
{"level":"INFO","time":"2024-09-25T15:12:52.678+0800","caller":"kubernetes-deploy/main.go:24","msg":"kubernetes-deploy服务注册成功"}
{"level":"INFO","time":"2024-09-25T15:22:14.264+0800","caller":"kubernetes-deploy/main.go:29","msg":"kubernetes-deploy服务启动成功"}
{"level":"INFO","time":"2024-09-25T16:08:27.024+0800","caller":"utils/init.go:147","msg":"init logger success"}
{"level":"INFO","time":"2024-09-25T16:08:27.025+0800","caller":"utils/init.go:73","msg":"初始化logger成功"}
{"level":"ERROR","time":"2024-09-25T16:08:29.131+0800","caller":"utils/init.go:76","msg":"初始化MySQL失败：","error":"dial tcp 192.168.10.8:3306: connectex: No connection could be made because the target machine actively refused it."}
{"level":"INFO","time":"2024-09-25T16:08:29.138+0800","caller":"kubernetes-deploy/main.go:24","msg":"kubernetes-deploy服务注册成功"}
{"level":"INFO","time":"2024-09-25T17:02:02.840+0800","caller":"kubernetes-deploy/main.go:29","msg":"kubernetes-deploy服务启动成功"}
{"level":"INFO","time":"2024-09-26T08:41:23.118+0800","caller":"utils/init.go:147","msg":"init logger success"}
{"level":"INFO","time":"2024-09-26T08:41:23.118+0800","caller":"utils/init.go:73","msg":"初始化logger成功"}
{"level":"ERROR","time":"2024-09-26T08:41:25.169+0800","caller":"utils/init.go:76","msg":"初始化MySQL失败：","error":"dial tcp 192.168.10.8:3306: connectex: No connection could be made because the target machine actively refused it."}
{"level":"INFO","time":"2024-09-26T08:41:25.175+0800","caller":"kubernetes-deploy/main.go:24","msg":"kubernetes-deploy服务注册成功"}
{"level":"INFO","time":"2024-09-26T09:46:21.554+0800","caller":"kubernetes-deploy/main.go:29","msg":"kubernetes-deploy服务启动成功"}
{"level":"INFO","time":"2024-09-26T16:34:26.375+0800","caller":"utils/init.go:147","msg":"init logger success"}
{"level":"INFO","time":"2024-09-26T16:34:26.376+0800","caller":"utils/init.go:73","msg":"初始化logger成功"}
{"level":"ERROR","time":"2024-09-26T16:34:29.494+0800","caller":"utils/init.go:76","msg":"初始化MySQL失败：","error":"dial tcp 192.168.10.8:3306: connectex: No connection could be made because the target machine actively refused it."}
{"level":"INFO","time":"2024-09-26T16:34:29.527+0800","caller":"kubernetes-deploy/main.go:24","msg":"kubernetes-deploy服务注册成功"}
{"level":"INFO","time":"2024-09-26T16:42:46.695+0800","caller":"kubernetes-deploy/main.go:29","msg":"kubernetes-deploy服务启动成功"}
{"level":"INFO","time":"2024-09-27T09:12:09.389+0800","caller":"utils/init.go:147","msg":"init logger success"}
{"level":"INFO","time":"2024-09-27T09:12:09.391+0800","caller":"utils/init.go:73","msg":"初始化logger成功"}
{"level":"ERROR","time":"2024-09-27T09:12:11.569+0800","caller":"utils/init.go:76","msg":"初始化MySQL失败：","error":"dial tcp 192.168.10.8:3306: connectex: No connection could be made because the target machine actively refused it."}
{"level":"INFO","time":"2024-09-27T09:12:11.573+0800","caller":"kubernetes-deploy/main.go:25","msg":"kubernetes-deploy服务注册成功"}
{"level":"INFO","time":"2024-09-27T09:12:22.558+0800","caller":"kubernetes-deploy/main.go:31","msg":"kubernetes-deploy服务启动成功"}
{"level":"INFO","time":"2024-09-27T10:35:13.126+0800","caller":"utils/init.go:147","msg":"init logger success"}
{"level":"INFO","time":"2024-09-27T10:35:13.127+0800","caller":"utils/init.go:73","msg":"初始化logger成功"}
{"level":"ERROR","time":"2024-09-27T10:35:15.461+0800","caller":"utils/init.go:76","msg":"初始化MySQL失败：","error":"dial tcp 192.168.10.8:3306: connectex: No connection could be made because the target machine actively refused it."}
{"level":"INFO","time":"2024-09-27T10:35:15.477+0800","caller":"kubernetes-deploy/main.go:24","msg":"kubernetes-deploy服务注册成功"}
{"level":"INFO","time":"2024-09-27T10:37:09.387+0800","caller":"kubernetes-deploy/main.go:29","msg":"kubernetes-deploy服务启动成功"}
{"level":"INFO","time":"2024-09-29T10:39:05.749+0800","caller":"utils/init.go:147","msg":"init logger success"}
{"level":"INFO","time":"2024-09-29T10:39:05.750+0800","caller":"utils/init.go:73","msg":"初始化logger成功"}
{"level":"ERROR","time":"2024-09-29T10:39:07.960+0800","caller":"utils/init.go:76","msg":"初始化MySQL失败：","error":"dial tcp 192.168.10.8:3306: connectex: No connection could be made because the target machine actively refused it."}
{"level":"INFO","time":"2024-09-29T10:39:07.965+0800","caller":"kubernetes-deploy/main.go:24","msg":"kubernetes-deploy服务注册成功"}
{"level":"ERROR","time":"2024-09-29T10:49:51.286+0800","caller":"api/rpc_realize.go:43","msg":"创建deploy资源失败","error":"namespaces \"myapp\" not found"}
{"level":"INFO","time":"2024-09-29T11:12:53.264+0800","caller":"kubernetes-deploy/main.go:29","msg":"kubernetes-deploy服务启动成功"}
{"level":"INFO","time":"2024-09-29T11:13:09.084+0800","caller":"utils/init.go:147","msg":"init logger success"}
{"level":"INFO","time":"2024-09-29T11:13:09.085+0800","caller":"utils/init.go:73","msg":"初始化logger成功"}
{"level":"ERROR","time":"2024-09-29T11:13:11.160+0800","caller":"utils/init.go:76","msg":"初始化MySQL失败：","error":"dial tcp 192.168.10.8:3306: connectex: No connection could be made because the target machine actively refused it."}
{"level":"INFO","time":"2024-09-29T11:13:11.167+0800","caller":"kubernetes-deploy/main.go:24","msg":"kubernetes-deploy服务注册成功"}
{"level":"ERROR","time":"2024-09-29T11:13:33.666+0800","caller":"api/rpc_realize.go:42","msg":"创建deploy资源失败","error":"Deployment.apps \"myapp123\" is invalid: spec.selector: Invalid value: v1.LabelSelector{MatchLabels:map[string]string(nil), MatchExpressions:[]v1.LabelSelectorRequirement(nil)}: empty selector is invalid for deployment"}
{"level":"ERROR","time":"2024-09-29T11:13:33.800+0800","caller":"api/rpc_realize.go:42","msg":"创建deploy资源失败","error":"Deployment.apps \"myapp123\" is invalid: spec.selector: Invalid value: v1.LabelSelector{MatchLabels:map[string]string(nil), MatchExpressions:[]v1.LabelSelectorRequirement(nil)}: empty selector is invalid for deployment"}
{"level":"INFO","time":"2024-09-29T11:30:28.601+0800","caller":"kubernetes-deploy/main.go:29","msg":"kubernetes-deploy服务启动成功"}
{"level":"INFO","time":"2024-09-30T10:05:47.550+0800","caller":"utils/init.go:147","msg":"init logger success"}
{"level":"INFO","time":"2024-09-30T10:05:47.552+0800","caller":"utils/init.go:73","msg":"初始化logger成功"}
{"level":"ERROR","time":"2024-09-30T10:05:49.814+0800","caller":"utils/init.go:76","msg":"初始化MySQL失败：","error":"dial tcp 192.168.10.8:3306: connectex: No connection could be made because the target machine actively refused it."}
{"level":"INFO","time":"2024-09-30T10:05:49.823+0800","caller":"kubernetes-deploy/main.go:24","msg":"kubernetes-deploy服务注册成功"}
{"level":"INFO","time":"2024-09-30T10:06:16.349+0800","caller":"kubernetes-deploy/main.go:29","msg":"kubernetes-deploy服务启动成功"}
{"level":"INFO","time":"2024-10-01T09:35:30.393+0800","caller":"utils/init.go:147","msg":"init logger success"}
{"level":"INFO","time":"2024-10-01T09:35:30.394+0800","caller":"utils/init.go:73","msg":"初始化logger成功"}
{"level":"ERROR","time":"2024-10-01T09:35:30.427+0800","caller":"utils/init.go:76","msg":"初始化MySQL失败：","error":"Error 1045 (28000): Access denied for user 'root'@'192.168.22.39' (using password: YES)"}
{"level":"INFO","time":"2024-10-01T09:35:30.435+0800","caller":"kubernetes-deploy/main.go:24","msg":"kubernetes-deploy服务注册成功"}
{"level":"INFO","time":"2024-10-01T09:36:13.730+0800","caller":"kubernetes-deploy/main.go:29","msg":"kubernetes-deploy服务启动成功"}
{"level":"INFO","time":"2024-10-01T09:36:17.691+0800","caller":"utils/init.go:147","msg":"init logger success"}
{"level":"INFO","time":"2024-10-01T09:36:17.692+0800","caller":"utils/init.go:73","msg":"初始化logger成功"}
{"level":"INFO","time":"2024-10-01T09:36:17.713+0800","caller":"utils/init.go:79","msg":"初始化mysql成功"}
{"level":"INFO","time":"2024-10-01T09:36:17.722+0800","caller":"kubernetes-deploy/main.go:24","msg":"kubernetes-deploy服务注册成功"}
{"level":"INFO","time":"2024-10-01T09:48:57.237+0800","caller":"kubernetes-deploy/main.go:29","msg":"kubernetes-deploy服务启动成功"}
{"level":"INFO","time":"2024-10-01T09:49:01.246+0800","caller":"utils/init.go:147","msg":"init logger success"}
{"level":"INFO","time":"2024-10-01T09:49:01.246+0800","caller":"utils/init.go:73","msg":"初始化logger成功"}
{"level":"ERROR","time":"2024-10-01T09:49:01.260+0800","caller":"utils/init.go:76","msg":"初始化MySQL失败：","error":"Error 1049 (42000): Unknown database 'automatic_deployment'"}
{"level":"INFO","time":"2024-10-01T09:49:01.267+0800","caller":"kubernetes-deploy/main.go:24","msg":"kubernetes-deploy服务注册成功"}
{"level":"INFO","time":"2024-10-01T09:49:31.204+0800","caller":"kubernetes-deploy/main.go:29","msg":"kubernetes-deploy服务启动成功"}
{"level":"INFO","time":"2024-10-01T09:49:55.952+0800","caller":"utils/init.go:147","msg":"init logger success"}
{"level":"INFO","time":"2024-10-01T09:49:55.952+0800","caller":"utils/init.go:73","msg":"初始化logger成功"}
{"level":"ERROR","time":"2024-10-01T09:49:55.967+0800","caller":"utils/init.go:76","msg":"初始化MySQL失败：","error":"Error 1049 (42000): Unknown database 'automatic_deployment'"}
{"level":"INFO","time":"2024-10-01T09:49:55.981+0800","caller":"kubernetes-deploy/main.go:24","msg":"kubernetes-deploy服务注册成功"}
{"level":"INFO","time":"2024-10-01T09:50:53.874+0800","caller":"kubernetes-deploy/main.go:29","msg":"kubernetes-deploy服务启动成功"}
{"level":"INFO","time":"2024-10-01T09:51:03.550+0800","caller":"utils/init.go:147","msg":"init logger success"}
{"level":"INFO","time":"2024-10-01T09:51:03.550+0800","caller":"utils/init.go:73","msg":"初始化logger成功"}
{"level":"ERROR","time":"2024-10-01T09:51:03.577+0800","caller":"utils/init.go:76","msg":"初始化MySQL失败：","error":"Error 1049 (42000): Unknown database 'automatic_deployment'"}
{"level":"INFO","time":"2024-10-01T09:51:59.141+0800","caller":"kubernetes-deploy/main.go:26","msg":"kubernetes-deploy服务注册成功"}
{"level":"INFO","time":"2024-10-01T09:52:29.387+0800","caller":"utils/init.go:170","msg":"init logger success"}
{"level":"INFO","time":"2024-10-01T09:52:29.388+0800","caller":"utils/init.go:74","msg":"初始化logger成功"}
{"level":"ERROR","time":"2024-10-01T09:52:29.423+0800","caller":"utils/init.go:77","msg":"初始化MySQL失败：","error":"Error 1064 (42000): You have an error in your SQL syntax; check the manual that corresponds to your MySQL server version for the right syntax to use near 'DATABASEautomatic_deployment' at line 1"}
{"level":"INFO","time":"2024-10-01T09:52:29.430+0800","caller":"kubernetes-deploy/main.go:25","msg":"kubernetes-deploy服务注册成功"}
{"level":"INFO","time":"2024-10-01T09:53:03.091+0800","caller":"kubernetes-deploy/main.go:30","msg":"kubernetes-deploy服务启动成功"}
{"level":"INFO","time":"2024-10-01T09:53:11.382+0800","caller":"utils/init.go:170","msg":"init logger success"}
{"level":"INFO","time":"2024-10-01T09:53:11.383+0800","caller":"utils/init.go:74","msg":"初始化logger成功"}
{"level":"ERROR","time":"2024-10-01T09:53:11.407+0800","caller":"utils/init.go:77","msg":"初始化MySQL失败：","error":"sql: no rows in result set"}
{"level":"INFO","time":"2024-10-01T09:53:11.414+0800","caller":"kubernetes-deploy/main.go:25","msg":"kubernetes-deploy服务注册成功"}
{"level":"INFO","time":"2024-10-01T09:54:05.547+0800","caller":"kubernetes-deploy/main.go:30","msg":"kubernetes-deploy服务启动成功"}
{"level":"INFO","time":"2024-10-01T09:54:14.506+0800","caller":"utils/init.go:171","msg":"init logger success"}
{"level":"INFO","time":"2024-10-01T09:54:14.506+0800","caller":"utils/init.go:74","msg":"初始化logger成功"}
{"level":"INFO","time":"2024-10-01T09:54:14.535+0800","caller":"utils/init.go:80","msg":"初始化mysql成功"}
{"level":"INFO","time":"2024-10-01T09:54:14.545+0800","caller":"kubernetes-deploy/main.go:25","msg":"kubernetes-deploy服务注册成功"}
{"level":"INFO","time":"2024-10-01T09:55:11.006+0800","caller":"kubernetes-deploy/main.go:30","msg":"kubernetes-deploy服务启动成功"}
{"level":"INFO","time":"2024-10-01T09:55:27.983+0800","caller":"utils/init.go:171","msg":"init logger success"}
{"level":"INFO","time":"2024-10-01T09:55:27.984+0800","caller":"utils/init.go:74","msg":"初始化logger成功"}
{"level":"ERROR","time":"2024-10-01T09:56:14.095+0800","caller":"utils/init.go:77","msg":"初始化MySQL失败：","error":"Error 1049 (42000): Unknown database 'automatic_deployment'"}
{"level":"INFO","time":"2024-10-01T09:56:14.113+0800","caller":"kubernetes-deploy/main.go:25","msg":"kubernetes-deploy服务注册成功"}
{"level":"INFO","time":"2024-10-01T09:56:29.032+0800","caller":"utils/init.go:170","msg":"init logger success"}
{"level":"INFO","time":"2024-10-01T09:56:29.033+0800","caller":"utils/init.go:74","msg":"初始化logger成功"}
{"level":"ERROR","time":"2024-10-01T09:57:40.830+0800","caller":"utils/init.go:77","msg":"初始化MySQL失败：","error":"sql: no rows in result set"}
{"level":"INFO","time":"2024-10-01T09:57:40.844+0800","caller":"kubernetes-deploy/main.go:25","msg":"kubernetes-deploy服务注册成功"}
{"level":"INFO","time":"2024-10-01T09:57:56.930+0800","caller":"utils/init.go:170","msg":"init logger success"}
{"level":"INFO","time":"2024-10-01T09:57:56.930+0800","caller":"utils/init.go:74","msg":"初始化logger成功"}
{"level":"INFO","time":"2024-10-01T09:58:21.607+0800","caller":"utils/init.go:80","msg":"初始化mysql成功"}
{"level":"INFO","time":"2024-10-01T09:58:21.620+0800","caller":"kubernetes-deploy/main.go:25","msg":"kubernetes-deploy服务注册成功"}
{"level":"INFO","time":"2024-10-01T10:00:53.712+0800","caller":"kubernetes-deploy/main.go:30","msg":"kubernetes-deploy服务启动成功"}
